2011-04-27 17:38:46,387 ERROR [errorlog] java.io.IOException: Owner failed to convert data
java.io.IOException: Owner failed to convert data
	at sun.awt.X11.XSelection.validateDataGetter(XSelection.java:486)
	at sun.awt.X11.XSelection.getData(XSelection.java:350)
	at sun.awt.X11.XDnDDropTargetProtocol.getData(XDnDDropTargetProtocol.java:841)
	at sun.awt.X11.XDropTargetContextPeer.getNativeData(XDropTargetContextPeer.java:132)
	at sun.awt.dnd.SunDropTargetContextPeer.getTransferData(SunDropTargetContextPeer.java:245)
	at sun.awt.datatransfer.TransferableProxy.getTransferData(TransferableProxy.java:56)
	at java.awt.dnd.DropTargetContext$TransferableProxy.getTransferData(DropTargetContext.java:359)
	at com.eviware.soapui.support.dnd.SoapUIDragAndDropHandler$SoapUIDropTargetListener.isDragAcceptable(SoapUIDragAndDropHandler.java:427)
	at com.eviware.soapui.support.dnd.SoapUIDragAndDropHandler$SoapUIDropTargetListener.dropActionChanged(SoapUIDragAndDropHandler.java:341)
	at java.awt.dnd.DropTarget.dropActionChanged(DropTarget.java:387)
	at sun.awt.dnd.SunDropTargetContextPeer.processMotionMessage(SunDropTargetContextPeer.java:454)
	at sun.awt.X11.XDropTargetContextPeer.processMotionMessage(XDropTargetContextPeer.java:159)
	at sun.awt.dnd.SunDropTargetContextPeer$EventDispatcher.dispatchMotionEvent(SunDropTargetContextPeer.java:804)
	at sun.awt.dnd.SunDropTargetContextPeer$EventDispatcher.dispatchEvent(SunDropTargetContextPeer.java:750)
	at sun.awt.dnd.SunDropTargetEvent.dispatch(SunDropTargetEvent.java:30)
	at java.awt.Component.dispatchEventImpl(Component.java:4487)
	at java.awt.Container.dispatchEventImpl(Container.java:2099)
	at java.awt.Component.dispatchEvent(Component.java:4460)
	at java.awt.LightweightDispatcher.retargetMouseEvent(Container.java:4577)
	at java.awt.LightweightDispatcher.processDropTargetEvent(Container.java:4312)
	at java.awt.LightweightDispatcher.dispatchEvent(Container.java:4163)
	at java.awt.Container.dispatchEventImpl(Container.java:2085)
	at java.awt.Window.dispatchEventImpl(Window.java:2478)
	at java.awt.Component.dispatchEvent(Component.java:4460)
	at java.awt.EventQueue.dispatchEvent(EventQueue.java:599)
	at java.awt.EventDispatchThread.pumpOneEventForFilters(EventDispatchThread.java:269)
	at java.awt.EventDispatchThread.pumpEventsForFilter(EventDispatchThread.java:184)
	at java.awt.EventDispatchThread.pumpEventsForHierarchy(EventDispatchThread.java:174)
	at java.awt.EventDispatchThread.pumpEvents(EventDispatchThread.java:169)
	at java.awt.EventDispatchThread.pumpEvents(EventDispatchThread.java:161)
	at java.awt.EventDispatchThread.run(EventDispatchThread.java:122)
2011-04-27 17:38:46,648 ERROR [errorlog] java.io.IOException: Owner failed to convert data
java.io.IOException: Owner failed to convert data
	at sun.awt.X11.XSelection.validateDataGetter(XSelection.java:486)
	at sun.awt.X11.XSelection.getData(XSelection.java:350)
	at sun.awt.X11.XDnDDropTargetProtocol.getData(XDnDDropTargetProtocol.java:841)
	at sun.awt.X11.XDropTargetContextPeer.getNativeData(XDropTargetContextPeer.java:132)
	at sun.awt.dnd.SunDropTargetContextPeer.getTransferData(SunDropTargetContextPeer.java:245)
	at sun.awt.datatransfer.TransferableProxy.getTransferData(TransferableProxy.java:56)
	at java.awt.dnd.DropTargetContext$TransferableProxy.getTransferData(DropTargetContext.java:359)
	at com.eviware.soapui.support.dnd.SoapUIDragAndDropHandler$SoapUIDropTargetListener.isDragAcceptable(SoapUIDragAndDropHandler.java:427)
	at com.eviware.soapui.support.dnd.SoapUIDragAndDropHandler$SoapUIDropTargetListener.dragEnter(SoapUIDragAndDropHandler.java:191)
	at java.awt.dnd.DropTarget.dragEnter(DropTarget.java:341)
	at sun.awt.dnd.SunDropTargetContextPeer.processEnterMessage(SunDropTargetContextPeer.java:312)
	at sun.awt.X11.XDropTargetContextPeer.processEnterMessage(XDropTargetContextPeer.java:146)
	at sun.awt.dnd.SunDropTargetContextPeer$EventDispatcher.dispatchEnterEvent(SunDropTargetContextPeer.java:779)
	at sun.awt.dnd.SunDropTargetContextPeer$EventDispatcher.dispatchEvent(SunDropTargetContextPeer.java:747)
	at sun.awt.dnd.SunDropTargetEvent.dispatch(SunDropTargetEvent.java:30)
	at java.awt.Component.dispatchEventImpl(Component.java:4487)
	at java.awt.Container.dispatchEventImpl(Container.java:2099)
	at java.awt.Component.dispatchEvent(Component.java:4460)
	at java.awt.LightweightDispatcher.retargetMouseEvent(Container.java:4577)
	at java.awt.LightweightDispatcher.trackMouseEnterExit(Container.java:4366)
	at java.awt.LightweightDispatcher.processDropTargetEvent(Container.java:4304)
	at java.awt.LightweightDispatcher.dispatchEvent(Container.java:4163)
	at java.awt.Container.dispatchEventImpl(Container.java:2085)
	at java.awt.Window.dispatchEventImpl(Window.java:2478)
	at java.awt.Component.dispatchEvent(Component.java:4460)
	at java.awt.EventQueue.dispatchEvent(EventQueue.java:599)
	at java.awt.EventDispatchThread.pumpOneEventForFilters(EventDispatchThread.java:269)
	at java.awt.EventDispatchThread.pumpEventsForFilter(EventDispatchThread.java:184)
	at java.awt.EventDispatchThread.pumpEventsForHierarchy(EventDispatchThread.java:174)
	at java.awt.EventDispatchThread.pumpEvents(EventDispatchThread.java:169)
	at java.awt.EventDispatchThread.pumpEvents(EventDispatchThread.java:161)
	at java.awt.EventDispatchThread.run(EventDispatchThread.java:122)
2011-04-27 17:38:46,907 ERROR [errorlog] java.io.IOException: Owner failed to convert data
java.io.IOException: Owner failed to convert data
	at sun.awt.X11.XSelection.validateDataGetter(XSelection.java:486)
	at sun.awt.X11.XSelection.getData(XSelection.java:350)
	at sun.awt.X11.XDnDDropTargetProtocol.getData(XDnDDropTargetProtocol.java:841)
	at sun.awt.X11.XDropTargetContextPeer.getNativeData(XDropTargetContextPeer.java:132)
	at sun.awt.dnd.SunDropTargetContextPeer.getTransferData(SunDropTargetContextPeer.java:245)
	at sun.awt.datatransfer.TransferableProxy.getTransferData(TransferableProxy.java:56)
	at java.awt.dnd.DropTargetContext$TransferableProxy.getTransferData(DropTargetContext.java:359)
	at com.eviware.soapui.support.dnd.SoapUIDragAndDropHandler$SoapUIDropTargetListener.isDragAcceptable(SoapUIDragAndDropHandler.java:427)
	at com.eviware.soapui.support.dnd.SoapUIDragAndDropHandler$SoapUIDropTargetListener.dragOver(SoapUIDragAndDropHandler.java:310)
	at java.awt.dnd.DropTarget.dragOver(DropTarget.java:365)
	at sun.awt.dnd.SunDropTargetContextPeer.processMotionMessage(SunDropTargetContextPeer.java:456)
	at sun.awt.X11.XDropTargetContextPeer.processMotionMessage(XDropTargetContextPeer.java:159)
	at sun.awt.dnd.SunDropTargetContextPeer$EventDispatcher.dispatchMotionEvent(SunDropTargetContextPeer.java:804)
	at sun.awt.dnd.SunDropTargetContextPeer$EventDispatcher.dispatchEvent(SunDropTargetContextPeer.java:750)
	at sun.awt.dnd.SunDropTargetEvent.dispatch(SunDropTargetEvent.java:30)
	at java.awt.Component.dispatchEventImpl(Component.java:4487)
	at java.awt.Container.dispatchEventImpl(Container.java:2099)
	at java.awt.Component.dispatchEvent(Component.java:4460)
	at java.awt.LightweightDispatcher.retargetMouseEvent(Container.java:4577)
	at java.awt.LightweightDispatcher.processDropTargetEvent(Container.java:4312)
	at java.awt.LightweightDispatcher.dispatchEvent(Container.java:4163)
	at java.awt.Container.dispatchEventImpl(Container.java:2085)
	at java.awt.Window.dispatchEventImpl(Window.java:2478)
	at java.awt.Component.dispatchEvent(Component.java:4460)
	at java.awt.EventQueue.dispatchEvent(EventQueue.java:599)
	at java.awt.EventDispatchThread.pumpOneEventForFilters(EventDispatchThread.java:269)
	at java.awt.EventDispatchThread.pumpEventsForFilter(EventDispatchThread.java:184)
	at java.awt.EventDispatchThread.pumpEventsForHierarchy(EventDispatchThread.java:174)
	at java.awt.EventDispatchThread.pumpEvents(EventDispatchThread.java:169)
	at java.awt.EventDispatchThread.pumpEvents(EventDispatchThread.java:161)
	at java.awt.EventDispatchThread.run(EventDispatchThread.java:122)
2011-05-07 00:26:37,015 ERROR [errorlog] java.lang.Exception: java.net.ConnectException: Connection refused
java.lang.Exception: java.net.ConnectException: Connection refused
	at com.eviware.soapui.impl.wsdl.submit.transports.http.HttpClientRequestTransport.sendRequest(HttpClientRequestTransport.java:158)
	at com.eviware.soapui.impl.wsdl.WsdlSubmit.run(WsdlSubmit.java:118)
	at java.util.concurrent.Executors$RunnableAdapter.call(Executors.java:441)
	at java.util.concurrent.FutureTask$Sync.innerRun(FutureTask.java:303)
	at java.util.concurrent.FutureTask.run(FutureTask.java:138)
	at java.util.concurrent.ThreadPoolExecutor$Worker.runTask(ThreadPoolExecutor.java:886)
	at java.util.concurrent.ThreadPoolExecutor$Worker.run(ThreadPoolExecutor.java:908)
	at java.lang.Thread.run(Thread.java:619)
Caused by: java.net.ConnectException: Connection refused
	at java.net.PlainSocketImpl.socketConnect(Native Method)
	at java.net.PlainSocketImpl.doConnect(PlainSocketImpl.java:333)
	at java.net.PlainSocketImpl.connectToAddress(PlainSocketImpl.java:195)
	at java.net.PlainSocketImpl.connect(PlainSocketImpl.java:182)
	at java.net.SocksSocketImpl.connect(SocksSocketImpl.java:366)
	at java.net.Socket.connect(Socket.java:529)
	at java.net.Socket.connect(Socket.java:478)
	at java.net.Socket.<init>(Socket.java:375)
	at java.net.Socket.<init>(Socket.java:249)
	at org.apache.commons.httpclient.protocol.DefaultProtocolSocketFactory.createSocket(DefaultProtocolSocketFactory.java:80)
	at org.apache.commons.httpclient.protocol.DefaultProtocolSocketFactory.createSocket(DefaultProtocolSocketFactory.java:122)
	at org.apache.commons.httpclient.HttpConnection.open(HttpConnection.java:707)
	at com.eviware.soapui.impl.wsdl.support.http.SoapUIMultiThreadedHttpConnectionManager$HttpConnectionAdapter.open(SoapUIMultiThreadedHttpConnectionManager.java:1401)
	at org.apache.commons.httpclient.HttpMethodDirector.executeWithRetry(HttpMethodDirector.java:387)
	at org.apache.commons.httpclient.HttpMethodDirector.executeMethod(HttpMethodDirector.java:171)
	at org.apache.commons.httpclient.HttpClient.executeMethod(HttpClient.java:397)
	at com.eviware.soapui.impl.wsdl.submit.transports.http.HttpClientRequestTransport.sendRequest(HttpClientRequestTransport.java:153)
	... 7 more
